<?xml version="1.0" encoding="UTF-8"?>
<!-- Generated by org.testng.reporters.JUnitReportReporter -->
<testsuite hostname="LAPTOP-S1UUMFU4" failures="0" tests="3" name="com.testtt.SampleLogin" time="0.020" errors="0" timestamp="2025-05-09T17:26:03 IST" skipped="1">
  <testcase classname="com.testtt.SampleLogin" name="sample2" time="0.019"/>
  <system-out/>
  <testcase classname="com.testtt.SampleLogin" name="zsample" time="0.001"/>
  <system-out/>
  <testcase classname="com.testtt.SampleLogin" name="sample1">
    <skipped/>
  </testcase> <!-- sample1 -->
  <system-out/>
</testsuite> <!-- com.testtt.SampleLogin -->
